[ 2013-11-01T11:10:26+08:00 ] 0.0.0.0 /aqzsjs/index.php/Index/index
INFO: [ route_check ] --START--
INFO: Run CheckRoute Behavior [ RunTime:0.006354s ]
INFO: [ route_check ] --END-- [ RunTime:0.011677s ]
INFO: [ app_begin ] --START--
INFO: Run ReadHtmlCache Behavior [ RunTime:0.001085s ]
INFO: [ app_begin ] --END-- [ RunTime:0.001166s ]
NOTIC: [2048] Declaration of IndexAction::error() should be compatible with that of Action::error() D:\phpStudy\WWW\aqzsjs\Home\Lib\Action\IndexAction.class.php 第 3 行.
INFO: [ view_template ] --START--
INFO: Run LocationTemplate Behavior [ RunTime:0.001101s ]
INFO: [ view_template ] --END-- [ RunTime:0.001169s ]
INFO: [ view_parse ] --START--
NOTIC: [8] Undefined variable: error D:\phpStudy\WWW\aqzsjs\Cache\Runtime\Home\Cache\7e4848229090366086cc7eeb3bfc0798.php 第 90 行.
INFO: Run ParseTemplate Behavior [ RunTime:0.009869s ]
INFO: [ view_parse ] --END-- [ RunTime:0.009941s ]
INFO: [ view_filter ] --START--
INFO: Run ContentReplace Behavior [ RunTime:0.000867s ]
INFO: Run TokenBuild Behavior [ RunTime:0.000843s ]
INFO: Run WriteHtmlCache Behavior [ RunTime:0.000703s ]
INFO: Run ShowRuntime Behavior [ RunTime:0.000875s ]
INFO: [ view_filter ] --END-- [ RunTime:0.003462s ]
INFO: [ view_end ] --START--
INFO: Run ShowPageTrace Behavior [ RunTime:0.001021s ]
INFO: [ view_end ] --END-- [ RunTime:0.001076s ]

[ 2013-11-01T11:10:51+08:00 ] 0.0.0.0 /aqzsjs/index.php/Index/index
INFO: [ route_check ] --START--
INFO: Run CheckRoute Behavior [ RunTime:0.001540s ]
INFO: [ route_check ] --END-- [ RunTime:0.001668s ]
INFO: [ app_begin ] --START--
INFO: Run ReadHtmlCache Behavior [ RunTime:0.000512s ]
INFO: [ app_begin ] --END-- [ RunTime:0.000593s ]
NOTIC: [2048] Declaration of IndexAction::error() should be compatible with that of Action::error() D:\phpStudy\WWW\aqzsjs\Home\Lib\Action\IndexAction.class.php 第 3 行.
INFO: [ view_template ] --START--
INFO: Run LocationTemplate Behavior [ RunTime:0.000625s ]
INFO: [ view_template ] --END-- [ RunTime:0.000689s ]
INFO: [ view_parse ] --START--
NOTIC: [8] Undefined variable: error D:\phpStudy\WWW\aqzsjs\Cache\Runtime\Home\Cache\7e4848229090366086cc7eeb3bfc0798.php 第 90 行.
INFO: Run ParseTemplate Behavior [ RunTime:0.006187s ]
INFO: [ view_parse ] --END-- [ RunTime:0.006248s ]
INFO: [ view_filter ] --START--
INFO: Run ContentReplace Behavior [ RunTime:0.000407s ]
INFO: Run TokenBuild Behavior [ RunTime:0.000439s ]
INFO: Run WriteHtmlCache Behavior [ RunTime:0.000338s ]
INFO: Run ShowRuntime Behavior [ RunTime:0.000448s ]
INFO: [ view_filter ] --END-- [ RunTime:0.001795s ]
INFO: [ view_end ] --START--
INFO: Run ShowPageTrace Behavior [ RunTime:0.000540s ]
INFO: [ view_end ] --END-- [ RunTime:0.000594s ]

[ 2013-11-01T11:17:32+08:00 ] 0.0.0.0 /aqzsjs/index.php/Index/index
INFO: [ route_check ] --START--
INFO: Run CheckRoute Behavior [ RunTime:0.001872s ]
INFO: [ route_check ] --END-- [ RunTime:0.002025s ]
INFO: [ app_begin ] --START--
INFO: Run ReadHtmlCache Behavior [ RunTime:0.001041s ]
INFO: [ app_begin ] --END-- [ RunTime:0.001166s ]
NOTIC: [2048] Declaration of IndexAction::error() should be compatible with that of Action::error() D:\phpStudy\WWW\aqzsjs\Home\Lib\Action\IndexAction.class.php 第 3 行.
INFO: [ view_template ] --START--
INFO: Run LocationTemplate Behavior [ RunTime:0.001729s ]
INFO: [ view_template ] --END-- [ RunTime:0.001900s ]
INFO: [ view_parse ] --START--
NOTIC: [8] Undefined variable: error D:\phpStudy\WWW\aqzsjs\Cache\Runtime\Home\Cache\7e4848229090366086cc7eeb3bfc0798.php 第 90 行.
INFO: Run ParseTemplate Behavior [ RunTime:0.012056s ]
INFO: [ view_parse ] --END-- [ RunTime:0.012192s ]
INFO: [ view_filter ] --START--
INFO: Run ContentReplace Behavior [ RunTime:0.000853s ]
INFO: Run TokenBuild Behavior [ RunTime:0.000835s ]
INFO: Run WriteHtmlCache Behavior [ RunTime:0.000625s ]
INFO: Run ShowRuntime Behavior [ RunTime:0.001172s ]
INFO: [ view_filter ] --END-- [ RunTime:0.003920s ]
INFO: [ view_end ] --START--
INFO: Run ShowPageTrace Behavior [ RunTime:0.001183s ]
INFO: [ view_end ] --END-- [ RunTime:0.001299s ]

[ 2013-11-01T11:21:28+08:00 ] 0.0.0.0 /aqzsjs/index.php/Index/index
INFO: [ route_check ] --START--
INFO: Run CheckRoute Behavior [ RunTime:0.001263s ]
INFO: [ route_check ] --END-- [ RunTime:0.001378s ]
INFO: [ app_begin ] --START--
INFO: Run ReadHtmlCache Behavior [ RunTime:0.000828s ]
INFO: [ app_begin ] --END-- [ RunTime:0.000929s ]
NOTIC: [2048] Declaration of IndexAction::error() should be compatible with that of Action::error() D:\phpStudy\WWW\aqzsjs\Home\Lib\Action\IndexAction.class.php 第 3 行.
INFO: [ view_template ] --START--
INFO: Run LocationTemplate Behavior [ RunTime:0.001170s ]
INFO: [ view_template ] --END-- [ RunTime:0.001278s ]
INFO: [ view_parse ] --START--
NOTIC: [8] Undefined variable: error D:\phpStudy\WWW\aqzsjs\Cache\Runtime\Home\Cache\7e4848229090366086cc7eeb3bfc0798.php 第 90 行.
INFO: Run ParseTemplate Behavior [ RunTime:0.008637s ]
INFO: [ view_parse ] --END-- [ RunTime:0.008712s ]
INFO: [ view_filter ] --START--
INFO: Run ContentReplace Behavior [ RunTime:0.000433s ]
INFO: Run TokenBuild Behavior [ RunTime:0.000557s ]
INFO: Run WriteHtmlCache Behavior [ RunTime:0.000333s ]
INFO: Run ShowRuntime Behavior [ RunTime:0.000652s ]
INFO: [ view_filter ] --END-- [ RunTime:0.002175s ]
INFO: [ view_end ] --START--
INFO: Run ShowPageTrace Behavior [ RunTime:0.000860s ]
INFO: [ view_end ] --END-- [ RunTime:0.000945s ]

[ 2013-11-01T11:23:35+08:00 ] 0.0.0.0 /aqzsjs/index.php/Index/index
INFO: [ route_check ] --START--
INFO: Run CheckRoute Behavior [ RunTime:0.001132s ]
INFO: [ route_check ] --END-- [ RunTime:0.001234s ]
INFO: [ app_begin ] --START--
INFO: Run ReadHtmlCache Behavior [ RunTime:0.000774s ]
INFO: [ app_begin ] --END-- [ RunTime:0.000888s ]
NOTIC: [2048] Declaration of IndexAction::error() should be compatible with that of Action::error() D:\phpStudy\WWW\aqzsjs\Home\Lib\Action\IndexAction.class.php 第 3 行.
INFO: [ view_template ] --START--
INFO: Run LocationTemplate Behavior [ RunTime:0.000888s ]
INFO: [ view_template ] --END-- [ RunTime:0.000972s ]
INFO: [ view_parse ] --START--
NOTIC: [8] Undefined variable: error D:\phpStudy\WWW\aqzsjs\Cache\Runtime\Home\Cache\7e4848229090366086cc7eeb3bfc0798.php 第 91 行.
INFO: Run ParseTemplate Behavior [ RunTime:0.008475s ]
INFO: [ view_parse ] --END-- [ RunTime:0.008561s ]
INFO: [ view_filter ] --START--
INFO: Run ContentReplace Behavior [ RunTime:0.000587s ]
INFO: Run TokenBuild Behavior [ RunTime:0.000596s ]
INFO: Run WriteHtmlCache Behavior [ RunTime:0.000418s ]
INFO: Run ShowRuntime Behavior [ RunTime:0.000547s ]
INFO: [ view_filter ] --END-- [ RunTime:0.002363s ]
INFO: [ view_end ] --START--
INFO: Run ShowPageTrace Behavior [ RunTime:0.000574s ]
INFO: [ view_end ] --END-- [ RunTime:0.000654s ]

[ 2013-11-01T11:26:51+08:00 ] 0.0.0.0 /aqzsjs/index.php/Index/index
INFO: [ route_check ] --START--
INFO: Run CheckRoute Behavior [ RunTime:0.001145s ]
INFO: [ route_check ] --END-- [ RunTime:0.001248s ]
INFO: [ app_begin ] --START--
INFO: Run ReadHtmlCache Behavior [ RunTime:0.000680s ]
INFO: [ app_begin ] --END-- [ RunTime:0.000769s ]
NOTIC: [2048] Declaration of IndexAction::error() should be compatible with that of Action::error() D:\phpStudy\WWW\aqzsjs\Home\Lib\Action\IndexAction.class.php 第 3 行.
INFO: [ view_template ] --START--
INFO: Run LocationTemplate Behavior [ RunTime:0.001046s ]
INFO: [ view_template ] --END-- [ RunTime:0.001161s ]
INFO: [ view_parse ] --START--
NOTIC: [8] Undefined variable: error D:\phpStudy\WWW\aqzsjs\Cache\Runtime\Home\Cache\7e4848229090366086cc7eeb3bfc0798.php 第 91 行.
INFO: Run ParseTemplate Behavior [ RunTime:0.008858s ]
INFO: [ view_parse ] --END-- [ RunTime:0.008966s ]
INFO: [ view_filter ] --START--
INFO: Run ContentReplace Behavior [ RunTime:0.000600s ]
INFO: Run TokenBuild Behavior [ RunTime:0.000594s ]
INFO: Run WriteHtmlCache Behavior [ RunTime:0.000426s ]
INFO: Run ShowRuntime Behavior [ RunTime:0.000609s ]
INFO: [ view_filter ] --END-- [ RunTime:0.002452s ]
INFO: [ view_end ] --START--
INFO: Run ShowPageTrace Behavior [ RunTime:0.000764s ]
INFO: [ view_end ] --END-- [ RunTime:0.000840s ]

[ 2013-11-01T11:27:03+08:00 ] 0.0.0.0 /aqzsjs/index.php/Index/index
INFO: [ route_check ] --START--
INFO: Run CheckRoute Behavior [ RunTime:0.000906s ]
INFO: [ route_check ] --END-- [ RunTime:0.001008s ]
INFO: [ app_begin ] --START--
INFO: Run ReadHtmlCache Behavior [ RunTime:0.000459s ]
INFO: [ app_begin ] --END-- [ RunTime:0.000513s ]
NOTIC: [2048] Declaration of IndexAction::error() should be compatible with that of Action::error() D:\phpStudy\WWW\aqzsjs\Home\Lib\Action\IndexAction.class.php 第 3 行.
INFO: [ view_template ] --START--
INFO: Run LocationTemplate Behavior [ RunTime:0.000735s ]
INFO: [ view_template ] --END-- [ RunTime:0.000798s ]
INFO: [ view_parse ] --START--
NOTIC: [8] Undefined variable: error D:\phpStudy\WWW\aqzsjs\Cache\Runtime\Home\Cache\7e4848229090366086cc7eeb3bfc0798.php 第 91 行.
INFO: Run ParseTemplate Behavior [ RunTime:0.006096s ]
INFO: [ view_parse ] --END-- [ RunTime:0.006157s ]
INFO: [ view_filter ] --START--
INFO: Run ContentReplace Behavior [ RunTime:0.000431s ]
INFO: Run TokenBuild Behavior [ RunTime:0.000432s ]
INFO: Run WriteHtmlCache Behavior [ RunTime:0.000299s ]
INFO: Run ShowRuntime Behavior [ RunTime:0.000452s ]
INFO: [ view_filter ] --END-- [ RunTime:0.001783s ]
INFO: [ view_end ] --START--
INFO: Run ShowPageTrace Behavior [ RunTime:0.000535s ]
INFO: [ view_end ] --END-- [ RunTime:0.000632s ]

[ 2013-11-01T11:27:48+08:00 ] 0.0.0.0 /aqzsjs/index.php/Index/index
INFO: [ route_check ] --START--
INFO: Run CheckRoute Behavior [ RunTime:0.001427s ]
INFO: [ route_check ] --END-- [ RunTime:0.001555s ]
INFO: [ app_begin ] --START--
INFO: Run ReadHtmlCache Behavior [ RunTime:0.000874s ]
INFO: [ app_begin ] --END-- [ RunTime:0.000981s ]
NOTIC: [2048] Declaration of IndexAction::error() should be compatible with that of Action::error() D:\phpStudy\WWW\aqzsjs\Home\Lib\Action\IndexAction.class.php 第 3 行.
INFO: [ view_template ] --START--
INFO: Run LocationTemplate Behavior [ RunTime:0.001261s ]
INFO: [ view_template ] --END-- [ RunTime:0.001425s ]
INFO: [ view_parse ] --START--
NOTIC: [8] Undefined variable: error D:\phpStudy\WWW\aqzsjs\Cache\Runtime\Home\Cache\7e4848229090366086cc7eeb3bfc0798.php 第 91 行.
INFO: Run ParseTemplate Behavior [ RunTime:0.010806s ]
INFO: [ view_parse ] --END-- [ RunTime:0.010892s ]
INFO: [ view_filter ] --START--
INFO: Run ContentReplace Behavior [ RunTime:0.000455s ]
INFO: Run TokenBuild Behavior [ RunTime:0.000435s ]
INFO: Run WriteHtmlCache Behavior [ RunTime:0.000305s ]
INFO: Run ShowRuntime Behavior [ RunTime:0.000523s ]
INFO: [ view_filter ] --END-- [ RunTime:0.001877s ]
INFO: [ view_end ] --START--
INFO: Run ShowPageTrace Behavior [ RunTime:0.000567s ]
INFO: [ view_end ] --END-- [ RunTime:0.000618s ]

[ 2013-11-01T11:28:04+08:00 ] 0.0.0.0 /aqzsjs/index.php/Index/index
INFO: [ route_check ] --START--
INFO: Run CheckRoute Behavior [ RunTime:0.001286s ]
INFO: [ route_check ] --END-- [ RunTime:0.001432s ]
INFO: [ app_begin ] --START--
INFO: Run ReadHtmlCache Behavior [ RunTime:0.001456s ]
INFO: [ app_begin ] --END-- [ RunTime:0.001627s ]
NOTIC: [2048] Declaration of IndexAction::error() should be compatible with that of Action::error() D:\phpStudy\WWW\aqzsjs\Home\Lib\Action\IndexAction.class.php 第 3 行.
INFO: [ view_template ] --START--
INFO: Run LocationTemplate Behavior [ RunTime:0.000685s ]
INFO: [ view_template ] --END-- [ RunTime:0.000808s ]
INFO: [ view_parse ] --START--
NOTIC: [8] Undefined variable: error D:\phpStudy\WWW\aqzsjs\Cache\Runtime\Home\Cache\7e4848229090366086cc7eeb3bfc0798.php 第 91 行.
INFO: Run ParseTemplate Behavior [ RunTime:0.008884s ]
INFO: [ view_parse ] --END-- [ RunTime:0.008976s ]
INFO: [ view_filter ] --START--
INFO: Run ContentReplace Behavior [ RunTime:0.000488s ]
INFO: Run TokenBuild Behavior [ RunTime:0.000502s ]
INFO: Run WriteHtmlCache Behavior [ RunTime:0.000260s ]
INFO: Run ShowRuntime Behavior [ RunTime:0.000409s ]
INFO: [ view_filter ] --END-- [ RunTime:0.001853s ]
INFO: [ view_end ] --START--
INFO: Run ShowPageTrace Behavior [ RunTime:0.000533s ]
INFO: [ view_end ] --END-- [ RunTime:0.000595s ]

[ 2013-11-01T11:28:12+08:00 ] 0.0.0.0 /aqzsjs/index.php/Index/index
INFO: [ route_check ] --START--
INFO: Run CheckRoute Behavior [ RunTime:0.000817s ]
INFO: [ route_check ] --END-- [ RunTime:0.000913s ]
INFO: [ app_begin ] --START--
INFO: Run ReadHtmlCache Behavior [ RunTime:0.000549s ]
INFO: [ app_begin ] --END-- [ RunTime:0.000627s ]
NOTIC: [2048] Declaration of IndexAction::error() should be compatible with that of Action::error() D:\phpStudy\WWW\aqzsjs\Home\Lib\Action\IndexAction.class.php 第 3 行.
INFO: [ view_template ] --START--
INFO: Run LocationTemplate Behavior [ RunTime:0.000545s ]
INFO: [ view_template ] --END-- [ RunTime:0.000638s ]
INFO: [ view_parse ] --START--
NOTIC: [8] Undefined variable: error D:\phpStudy\WWW\aqzsjs\Cache\Runtime\Home\Cache\7e4848229090366086cc7eeb3bfc0798.php 第 91 行.
INFO: Run ParseTemplate Behavior [ RunTime:0.007684s ]
INFO: [ view_parse ] --END-- [ RunTime:0.007767s ]
INFO: [ view_filter ] --START--
INFO: Run ContentReplace Behavior [ RunTime:0.000483s ]
INFO: Run TokenBuild Behavior [ RunTime:0.000462s ]
INFO: Run WriteHtmlCache Behavior [ RunTime:0.000310s ]
INFO: Run ShowRuntime Behavior [ RunTime:0.000483s ]
INFO: [ view_filter ] --END-- [ RunTime:0.001948s ]
INFO: [ view_end ] --START--
INFO: Run ShowPageTrace Behavior [ RunTime:0.000637s ]
INFO: [ view_end ] --END-- [ RunTime:0.000712s ]

[ 2013-11-01T11:29:18+08:00 ] 0.0.0.0 /aqzsjs/index.php/Index/index
INFO: [ route_check ] --START--
INFO: Run CheckRoute Behavior [ RunTime:0.001580s ]
INFO: [ route_check ] --END-- [ RunTime:0.001709s ]
INFO: [ app_begin ] --START--
INFO: Run ReadHtmlCache Behavior [ RunTime:0.000875s ]
INFO: [ app_begin ] --END-- [ RunTime:0.000981s ]
NOTIC: [2048] Declaration of IndexAction::error() should be compatible with that of Action::error() D:\phpStudy\WWW\aqzsjs\Home\Lib\Action\IndexAction.class.php 第 3 行.
INFO: [ view_template ] --START--
INFO: Run LocationTemplate Behavior [ RunTime:0.001105s ]
INFO: [ view_template ] --END-- [ RunTime:0.001210s ]
INFO: [ view_parse ] --START--
NOTIC: [8] Undefined variable: error D:\phpStudy\WWW\aqzsjs\Cache\Runtime\Home\Cache\7e4848229090366086cc7eeb3bfc0798.php 第 92 行.
INFO: Run ParseTemplate Behavior [ RunTime:0.008594s ]
INFO: [ view_parse ] --END-- [ RunTime:0.008672s ]
INFO: [ view_filter ] --START--
INFO: Run ContentReplace Behavior [ RunTime:0.000471s ]
INFO: Run TokenBuild Behavior [ RunTime:0.000396s ]
INFO: Run WriteHtmlCache Behavior [ RunTime:0.000289s ]
INFO: Run ShowRuntime Behavior [ RunTime:0.000404s ]
INFO: [ view_filter ] --END-- [ RunTime:0.001715s ]
INFO: [ view_end ] --START--
INFO: Run ShowPageTrace Behavior [ RunTime:0.000562s ]
INFO: [ view_end ] --END-- [ RunTime:0.000616s ]

[ 2013-11-01T11:29:25+08:00 ] 0.0.0.0 /aqzsjs/index.php/Index/index
INFO: [ route_check ] --START--
INFO: Run CheckRoute Behavior [ RunTime:0.000845s ]
INFO: [ route_check ] --END-- [ RunTime:0.000944s ]
INFO: [ app_begin ] --START--
INFO: Run ReadHtmlCache Behavior [ RunTime:0.000498s ]
INFO: [ app_begin ] --END-- [ RunTime:0.000558s ]
NOTIC: [2048] Declaration of IndexAction::error() should be compatible with that of Action::error() D:\phpStudy\WWW\aqzsjs\Home\Lib\Action\IndexAction.class.php 第 3 行.
INFO: [ view_template ] --START--
INFO: Run LocationTemplate Behavior [ RunTime:0.000768s ]
INFO: [ view_template ] --END-- [ RunTime:0.000873s ]
INFO: [ view_parse ] --START--
NOTIC: [8] Undefined variable: error D:\phpStudy\WWW\aqzsjs\Cache\Runtime\Home\Cache\7e4848229090366086cc7eeb3bfc0798.php 第 92 行.
INFO: Run ParseTemplate Behavior [ RunTime:0.006511s ]
INFO: [ view_parse ] --END-- [ RunTime:0.006588s ]
INFO: [ view_filter ] --START--
INFO: Run ContentReplace Behavior [ RunTime:0.000584s ]
INFO: Run TokenBuild Behavior [ RunTime:0.000512s ]
INFO: Run WriteHtmlCache Behavior [ RunTime:0.000324s ]
INFO: Run ShowRuntime Behavior [ RunTime:0.000456s ]
INFO: [ view_filter ] --END-- [ RunTime:0.002086s ]
INFO: [ view_end ] --START--
INFO: Run ShowPageTrace Behavior [ RunTime:0.000556s ]
INFO: [ view_end ] --END-- [ RunTime:0.000611s ]

[ 2013-11-01T11:44:10+08:00 ] 0.0.0.0 /aqzsjs/index.php/Index/index
INFO: [ route_check ] --START--
INFO: Run CheckRoute Behavior [ RunTime:0.001471s ]
INFO: [ route_check ] --END-- [ RunTime:0.001597s ]
INFO: [ app_begin ] --START--
INFO: Run ReadHtmlCache Behavior [ RunTime:0.000853s ]
INFO: [ app_begin ] --END-- [ RunTime:0.000967s ]
NOTIC: [2048] Declaration of IndexAction::error() should be compatible with that of Action::error() D:\phpStudy\WWW\aqzsjs\Home\Lib\Action\IndexAction.class.php 第 3 行.
INFO: [ view_template ] --START--
INFO: Run LocationTemplate Behavior [ RunTime:0.001347s ]
INFO: [ view_template ] --END-- [ RunTime:0.001471s ]
INFO: [ view_parse ] --START--
NOTIC: [8] Undefined variable: error D:\phpStudy\WWW\aqzsjs\Cache\Runtime\Home\Cache\7e4848229090366086cc7eeb3bfc0798.php 第 95 行.
INFO: Run ParseTemplate Behavior [ RunTime:0.010205s ]
INFO: [ view_parse ] --END-- [ RunTime:0.010305s ]
INFO: [ view_filter ] --START--
INFO: Run ContentReplace Behavior [ RunTime:0.000696s ]
INFO: Run TokenBuild Behavior [ RunTime:0.000662s ]
INFO: Run WriteHtmlCache Behavior [ RunTime:0.000307s ]
INFO: Run ShowRuntime Behavior [ RunTime:0.000440s ]
INFO: [ view_filter ] --END-- [ RunTime:0.002292s ]
INFO: [ view_end ] --START--
INFO: Run ShowPageTrace Behavior [ RunTime:0.000536s ]
INFO: [ view_end ] --END-- [ RunTime:0.000587s ]

[ 2013-11-01T11:47:21+08:00 ] 0.0.0.0 /aqzsjs/index.php/Index/index
INFO: [ route_check ] --START--
INFO: Run CheckRoute Behavior [ RunTime:0.001339s ]
INFO: [ route_check ] --END-- [ RunTime:0.001484s ]
INFO: [ app_begin ] --START--
INFO: Run ReadHtmlCache Behavior [ RunTime:0.000827s ]
INFO: [ app_begin ] --END-- [ RunTime:0.000926s ]
NOTIC: [2048] Declaration of IndexAction::error() should be compatible with that of Action::error() D:\phpStudy\WWW\aqzsjs\Home\Lib\Action\IndexAction.class.php 第 3 行.
INFO: [ view_template ] --START--
INFO: Run LocationTemplate Behavior [ RunTime:0.000996s ]
INFO: [ view_template ] --END-- [ RunTime:0.001090s ]
INFO: [ view_parse ] --START--
NOTIC: [8] Undefined variable: error D:\phpStudy\WWW\aqzsjs\Cache\Runtime\Home\Cache\7e4848229090366086cc7eeb3bfc0798.php 第 97 行.
INFO: Run ParseTemplate Behavior [ RunTime:0.010113s ]
INFO: [ view_parse ] --END-- [ RunTime:0.010206s ]
INFO: [ view_filter ] --START--
INFO: Run ContentReplace Behavior [ RunTime:0.000731s ]
INFO: Run TokenBuild Behavior [ RunTime:0.000729s ]
INFO: Run WriteHtmlCache Behavior [ RunTime:0.000523s ]
INFO: Run ShowRuntime Behavior [ RunTime:0.000720s ]
INFO: [ view_filter ] --END-- [ RunTime:0.002949s ]
INFO: [ view_end ] --START--
INFO: Run ShowPageTrace Behavior [ RunTime:0.000868s ]
INFO: [ view_end ] --END-- [ RunTime:0.000951s ]

[ 2013-11-01T11:47:44+08:00 ] 0.0.0.0 /aqzsjs/index.php/Index/index
INFO: [ route_check ] --START--
INFO: Run CheckRoute Behavior [ RunTime:0.001402s ]
INFO: [ route_check ] --END-- [ RunTime:0.001526s ]
INFO: [ app_begin ] --START--
INFO: Run ReadHtmlCache Behavior [ RunTime:0.001028s ]
INFO: [ app_begin ] --END-- [ RunTime:0.001157s ]
NOTIC: [2048] Declaration of IndexAction::error() should be compatible with that of Action::error() D:\phpStudy\WWW\aqzsjs\Home\Lib\Action\IndexAction.class.php 第 3 行.
INFO: [ view_template ] --START--
INFO: Run LocationTemplate Behavior [ RunTime:0.001060s ]
INFO: [ view_template ] --END-- [ RunTime:0.001163s ]
INFO: [ view_parse ] --START--
NOTIC: [8] Undefined variable: error D:\phpStudy\WWW\aqzsjs\Cache\Runtime\Home\Cache\7e4848229090366086cc7eeb3bfc0798.php 第 97 行.
INFO: Run ParseTemplate Behavior [ RunTime:0.010322s ]
INFO: [ view_parse ] --END-- [ RunTime:0.010428s ]
INFO: [ view_filter ] --START--
INFO: Run ContentReplace Behavior [ RunTime:0.000454s ]
INFO: Run TokenBuild Behavior [ RunTime:0.000432s ]
INFO: Run WriteHtmlCache Behavior [ RunTime:0.000302s ]
INFO: Run ShowRuntime Behavior [ RunTime:0.000431s ]
INFO: [ view_filter ] --END-- [ RunTime:0.001773s ]
INFO: [ view_end ] --START--
INFO: Run ShowPageTrace Behavior [ RunTime:0.000558s ]
INFO: [ view_end ] --END-- [ RunTime:0.000612s ]

[ 2013-11-01T11:48:58+08:00 ] 0.0.0.0 /aqzsjs/index.php/Index/index
INFO: [ route_check ] --START--
INFO: Run CheckRoute Behavior [ RunTime:0.000912s ]
INFO: [ route_check ] --END-- [ RunTime:0.001024s ]
INFO: [ app_begin ] --START--
INFO: Run ReadHtmlCache Behavior [ RunTime:0.000660s ]
INFO: [ app_begin ] --END-- [ RunTime:0.000794s ]
NOTIC: [2048] Declaration of IndexAction::error() should be compatible with that of Action::error() D:\phpStudy\WWW\aqzsjs\Home\Lib\Action\IndexAction.class.php 第 3 行.
INFO: [ view_template ] --START--
INFO: Run LocationTemplate Behavior [ RunTime:0.000506s ]
INFO: [ view_template ] --END-- [ RunTime:0.000616s ]
INFO: [ view_parse ] --START--
NOTIC: [8] Undefined variable: error D:\phpStudy\WWW\aqzsjs\Cache\Runtime\Home\Cache\7e4848229090366086cc7eeb3bfc0798.php 第 97 行.
INFO: Run ParseTemplate Behavior [ RunTime:0.008552s ]
INFO: [ view_parse ] --END-- [ RunTime:0.008647s ]
INFO: [ view_filter ] --START--
INFO: Run ContentReplace Behavior [ RunTime:0.000535s ]
INFO: Run TokenBuild Behavior [ RunTime:0.000512s ]
INFO: Run WriteHtmlCache Behavior [ RunTime:0.000356s ]
INFO: Run ShowRuntime Behavior [ RunTime:0.000549s ]
INFO: [ view_filter ] --END-- [ RunTime:0.002186s ]
INFO: [ view_end ] --START--
INFO: Run ShowPageTrace Behavior [ RunTime:0.000746s ]
INFO: [ view_end ] --END-- [ RunTime:0.000837s ]

[ 2013-11-01T11:49:19+08:00 ] 0.0.0.0 /aqzsjs/index.php/Index/index
INFO: [ route_check ] --START--
INFO: Run CheckRoute Behavior [ RunTime:0.001571s ]
INFO: [ route_check ] --END-- [ RunTime:0.001707s ]
INFO: [ app_begin ] --START--
INFO: Run ReadHtmlCache Behavior [ RunTime:0.001229s ]
INFO: [ app_begin ] --END-- [ RunTime:0.001396s ]
NOTIC: [2048] Declaration of IndexAction::error() should be compatible with that of Action::error() D:\phpStudy\WWW\aqzsjs\Home\Lib\Action\IndexAction.class.php 第 3 行.
INFO: [ view_template ] --START--
INFO: Run LocationTemplate Behavior [ RunTime:0.001120s ]
INFO: [ view_template ] --END-- [ RunTime:0.001231s ]
INFO: [ view_parse ] --START--
NOTIC: [8] Undefined variable: error D:\phpStudy\WWW\aqzsjs\Cache\Runtime\Home\Cache\7e4848229090366086cc7eeb3bfc0798.php 第 97 行.
INFO: Run ParseTemplate Behavior [ RunTime:0.010820s ]
INFO: [ view_parse ] --END-- [ RunTime:0.010925s ]
INFO: [ view_filter ] --START--
INFO: Run ContentReplace Behavior [ RunTime:0.000913s ]
INFO: Run TokenBuild Behavior [ RunTime:0.000799s ]
INFO: Run WriteHtmlCache Behavior [ RunTime:0.000531s ]
INFO: Run ShowRuntime Behavior [ RunTime:0.000794s ]
INFO: [ view_filter ] --END-- [ RunTime:0.003331s ]
INFO: [ view_end ] --START--
INFO: Run ShowPageTrace Behavior [ RunTime:0.000931s ]
INFO: [ view_end ] --END-- [ RunTime:0.001023s ]

[ 2013-11-01T11:49:48+08:00 ] 0.0.0.0 /aqzsjs/index.php/Index/index
INFO: [ route_check ] --START--
INFO: Run CheckRoute Behavior [ RunTime:0.001457s ]
INFO: [ route_check ] --END-- [ RunTime:0.001589s ]
INFO: [ app_begin ] --START--
INFO: Run ReadHtmlCache Behavior [ RunTime:0.000867s ]
INFO: [ app_begin ] --END-- [ RunTime:0.000971s ]
NOTIC: [2048] Declaration of IndexAction::error() should be compatible with that of Action::error() D:\phpStudy\WWW\aqzsjs\Home\Lib\Action\IndexAction.class.php 第 3 行.
INFO: [ view_template ] --START--
INFO: Run LocationTemplate Behavior [ RunTime:0.001135s ]
INFO: [ view_template ] --END-- [ RunTime:0.001259s ]
INFO: [ view_parse ] --START--
NOTIC: [8] Undefined variable: error D:\phpStudy\WWW\aqzsjs\Cache\Runtime\Home\Cache\7e4848229090366086cc7eeb3bfc0798.php 第 97 行.
INFO: Run ParseTemplate Behavior [ RunTime:0.011049s ]
INFO: [ view_parse ] --END-- [ RunTime:0.011127s ]
INFO: [ view_filter ] --START--
INFO: Run ContentReplace Behavior [ RunTime:0.000409s ]
INFO: Run TokenBuild Behavior [ RunTime:0.000450s ]
INFO: Run WriteHtmlCache Behavior [ RunTime:0.000287s ]
INFO: Run ShowRuntime Behavior [ RunTime:0.000403s ]
INFO: [ view_filter ] --END-- [ RunTime:0.001716s ]
INFO: [ view_end ] --START--
INFO: Run ShowPageTrace Behavior [ RunTime:0.000497s ]
INFO: [ view_end ] --END-- [ RunTime:0.000550s ]

[ 2013-11-01T11:56:18+08:00 ] 0.0.0.0 /aqzsjs/index.php/Index/index
INFO: [ route_check ] --START--
INFO: Run CheckRoute Behavior [ RunTime:0.001739s ]
INFO: [ route_check ] --END-- [ RunTime:0.001888s ]
INFO: [ app_begin ] --START--
INFO: Run ReadHtmlCache Behavior [ RunTime:0.001035s ]
INFO: [ app_begin ] --END-- [ RunTime:0.001156s ]
NOTIC: [2048] Declaration of IndexAction::error() should be compatible with that of Action::error() D:\phpStudy\WWW\aqzsjs\Home\Lib\Action\IndexAction.class.php 第 3 行.
INFO: [ view_template ] --START--
INFO: Run LocationTemplate Behavior [ RunTime:0.001654s ]
INFO: [ view_template ] --END-- [ RunTime:0.001821s ]
INFO: [ view_parse ] --START--
NOTIC: [8] Undefined variable: error D:\phpStudy\WWW\aqzsjs\Cache\Runtime\Home\Cache\7e4848229090366086cc7eeb3bfc0798.php 第 97 行.
INFO: Run ParseTemplate Behavior [ RunTime:0.013730s ]
INFO: [ view_parse ] --END-- [ RunTime:0.013856s ]
INFO: [ view_filter ] --START--
INFO: Run ContentReplace Behavior [ RunTime:0.001223s ]
INFO: Run TokenBuild Behavior [ RunTime:0.000896s ]
INFO: Run WriteHtmlCache Behavior [ RunTime:0.000617s ]
INFO: Run ShowRuntime Behavior [ RunTime:0.001342s ]
INFO: [ view_filter ] --END-- [ RunTime:0.004473s ]
INFO: [ view_end ] --START--
INFO: Run ShowPageTrace Behavior [ RunTime:0.001648s ]
INFO: [ view_end ] --END-- [ RunTime:0.001798s ]

[ 2013-11-01T11:56:33+08:00 ] 0.0.0.0 /aqzsjs/index.php/Index/index
INFO: [ route_check ] --START--
INFO: Run CheckRoute Behavior [ RunTime:0.000861s ]
INFO: [ route_check ] --END-- [ RunTime:0.000939s ]
INFO: [ app_begin ] --START--
INFO: Run ReadHtmlCache Behavior [ RunTime:0.000533s ]
INFO: [ app_begin ] --END-- [ RunTime:0.000596s ]
NOTIC: [2048] Declaration of IndexAction::error() should be compatible with that of Action::error() D:\phpStudy\WWW\aqzsjs\Home\Lib\Action\IndexAction.class.php 第 3 行.
INFO: [ view_template ] --START--
INFO: Run LocationTemplate Behavior [ RunTime:0.000954s ]
INFO: [ view_template ] --END-- [ RunTime:0.001048s ]
INFO: [ view_parse ] --START--
NOTIC: [8] Undefined variable: error D:\phpStudy\WWW\aqzsjs\Cache\Runtime\Home\Cache\7e4848229090366086cc7eeb3bfc0798.php 第 97 行.
INFO: Run ParseTemplate Behavior [ RunTime:0.008575s ]
INFO: [ view_parse ] --END-- [ RunTime:0.008666s ]
INFO: [ view_filter ] --START--
INFO: Run ContentReplace Behavior [ RunTime:0.000594s ]
INFO: Run TokenBuild Behavior [ RunTime:0.000467s ]
INFO: Run WriteHtmlCache Behavior [ RunTime:0.000313s ]
INFO: Run ShowRuntime Behavior [ RunTime:0.000474s ]
INFO: [ view_filter ] --END-- [ RunTime:0.002084s ]
INFO: [ view_end ] --START--
INFO: Run ShowPageTrace Behavior [ RunTime:0.000558s ]
INFO: [ view_end ] --END-- [ RunTime:0.000613s ]

[ 2013-11-01T11:56:51+08:00 ] 0.0.0.0 /aqzsjs/index.php/Index/index
INFO: [ route_check ] --START--
INFO: Run CheckRoute Behavior [ RunTime:0.001104s ]
INFO: [ route_check ] --END-- [ RunTime:0.001233s ]
INFO: [ app_begin ] --START--
INFO: Run ReadHtmlCache Behavior [ RunTime:0.000982s ]
INFO: [ app_begin ] --END-- [ RunTime:0.001091s ]
NOTIC: [2048] Declaration of IndexAction::error() should be compatible with that of Action::error() D:\phpStudy\WWW\aqzsjs\Home\Lib\Action\IndexAction.class.php 第 3 行.
INFO: [ view_template ] --START--
INFO: Run LocationTemplate Behavior [ RunTime:0.000531s ]
INFO: [ view_template ] --END-- [ RunTime:0.000643s ]
INFO: [ view_parse ] --START--
NOTIC: [8] Undefined variable: error D:\phpStudy\WWW\aqzsjs\Cache\Runtime\Home\Cache\7e4848229090366086cc7eeb3bfc0798.php 第 97 行.
INFO: Run ParseTemplate Behavior [ RunTime:0.010470s ]
INFO: [ view_parse ] --END-- [ RunTime:0.010574s ]
INFO: [ view_filter ] --START--
INFO: Run ContentReplace Behavior [ RunTime:0.000613s ]
INFO: Run TokenBuild Behavior [ RunTime:0.000627s ]
INFO: Run WriteHtmlCache Behavior [ RunTime:0.000514s ]
INFO: Run ShowRuntime Behavior [ RunTime:0.001231s ]
INFO: [ view_filter ] --END-- [ RunTime:0.003354s ]
INFO: [ view_end ] --START--
INFO: Run ShowPageTrace Behavior [ RunTime:0.000892s ]
INFO: [ view_end ] --END-- [ RunTime:0.000992s ]

[ 2013-11-01T11:57:04+08:00 ] 0.0.0.0 /aqzsjs/index.php/Index/index
INFO: [ route_check ] --START--
INFO: Run CheckRoute Behavior [ RunTime:0.001319s ]
INFO: [ route_check ] --END-- [ RunTime:0.001431s ]
INFO: [ app_begin ] --START--
INFO: Run ReadHtmlCache Behavior [ RunTime:0.000792s ]
INFO: [ app_begin ] --END-- [ RunTime:0.000885s ]
NOTIC: [2048] Declaration of IndexAction::error() should be compatible with that of Action::error() D:\phpStudy\WWW\aqzsjs\Home\Lib\Action\IndexAction.class.php 第 3 行.
INFO: [ view_template ] --START--
INFO: Run LocationTemplate Behavior [ RunTime:0.000997s ]
INFO: [ view_template ] --END-- [ RunTime:0.001095s ]
INFO: [ view_parse ] --START--
NOTIC: [8] Undefined variable: error D:\phpStudy\WWW\aqzsjs\Cache\Runtime\Home\Cache\7e4848229090366086cc7eeb3bfc0798.php 第 97 行.
INFO: Run ParseTemplate Behavior [ RunTime:0.009685s ]
INFO: [ view_parse ] --END-- [ RunTime:0.009780s ]
INFO: [ view_filter ] --START--
INFO: Run ContentReplace Behavior [ RunTime:0.000665s ]
INFO: Run TokenBuild Behavior [ RunTime:0.000645s ]
INFO: Run WriteHtmlCache Behavior [ RunTime:0.000483s ]
INFO: Run ShowRuntime Behavior [ RunTime:0.000695s ]
INFO: [ view_filter ] --END-- [ RunTime:0.002695s ]
INFO: [ view_end ] --START--
INFO: Run ShowPageTrace Behavior [ RunTime:0.000493s ]
INFO: [ view_end ] --END-- [ RunTime:0.000542s ]

[ 2013-11-01T11:57:15+08:00 ] 0.0.0.0 /aqzsjs/index.php/Index/index
INFO: [ route_check ] --START--
INFO: Run CheckRoute Behavior [ RunTime:0.001032s ]
INFO: [ route_check ] --END-- [ RunTime:0.001155s ]
INFO: [ app_begin ] --START--
INFO: Run ReadHtmlCache Behavior [ RunTime:0.000713s ]
INFO: [ app_begin ] --END-- [ RunTime:0.000833s ]
NOTIC: [2048] Declaration of IndexAction::error() should be compatible with that of Action::error() D:\phpStudy\WWW\aqzsjs\Home\Lib\Action\IndexAction.class.php 第 3 行.
INFO: [ view_template ] --START--
INFO: Run LocationTemplate Behavior [ RunTime:0.000538s ]
INFO: [ view_template ] --END-- [ RunTime:0.000638s ]
INFO: [ view_parse ] --START--
NOTIC: [8] Undefined variable: error D:\phpStudy\WWW\aqzsjs\Cache\Runtime\Home\Cache\7e4848229090366086cc7eeb3bfc0798.php 第 97 行.
INFO: Run ParseTemplate Behavior [ RunTime:0.010059s ]
INFO: [ view_parse ] --END-- [ RunTime:0.010162s ]
INFO: [ view_filter ] --START--
INFO: Run ContentReplace Behavior [ RunTime:0.000622s ]
INFO: Run TokenBuild Behavior [ RunTime:0.000574s ]
INFO: Run WriteHtmlCache Behavior [ RunTime:0.000392s ]
INFO: Run ShowRuntime Behavior [ RunTime:0.000681s ]
INFO: [ view_filter ] --END-- [ RunTime:0.002540s ]
INFO: [ view_end ] --START--
INFO: Run ShowPageTrace Behavior [ RunTime:0.000858s ]
INFO: [ view_end ] --END-- [ RunTime:0.000951s ]

[ 2013-11-01T11:57:24+08:00 ] 0.0.0.0 /aqzsjs/index.php/Index/index
INFO: [ route_check ] --START--
INFO: Run CheckRoute Behavior [ RunTime:0.000985s ]
INFO: [ route_check ] --END-- [ RunTime:0.001137s ]
INFO: [ app_begin ] --START--
INFO: Run ReadHtmlCache Behavior [ RunTime:0.000761s ]
INFO: [ app_begin ] --END-- [ RunTime:0.000854s ]
NOTIC: [2048] Declaration of IndexAction::error() should be compatible with that of Action::error() D:\phpStudy\WWW\aqzsjs\Home\Lib\Action\IndexAction.class.php 第 3 行.
INFO: [ view_template ] --START--
INFO: Run LocationTemplate Behavior [ RunTime:0.000358s ]
INFO: [ view_template ] --END-- [ RunTime:0.000434s ]
INFO: [ view_parse ] --START--
NOTIC: [8] Undefined variable: error D:\phpStudy\WWW\aqzsjs\Cache\Runtime\Home\Cache\7e4848229090366086cc7eeb3bfc0798.php 第 97 行.
INFO: Run ParseTemplate Behavior [ RunTime:0.006508s ]
INFO: [ view_parse ] --END-- [ RunTime:0.006595s ]
INFO: [ view_filter ] --START--
INFO: Run ContentReplace Behavior [ RunTime:0.000440s ]
INFO: Run TokenBuild Behavior [ RunTime:0.000354s ]
INFO: Run WriteHtmlCache Behavior [ RunTime:0.000408s ]
INFO: Run ShowRuntime Behavior [ RunTime:0.000993s ]
INFO: [ view_filter ] --END-- [ RunTime:0.002428s ]
INFO: [ view_end ] --START--
INFO: Run ShowPageTrace Behavior [ RunTime:0.000468s ]
INFO: [ view_end ] --END-- [ RunTime:0.000535s ]

[ 2013-11-01T11:57:38+08:00 ] 0.0.0.0 /aqzsjs/index.php/Index/index
INFO: [ route_check ] --START--
INFO: Run CheckRoute Behavior [ RunTime:0.001216s ]
INFO: [ route_check ] --END-- [ RunTime:0.001335s ]
INFO: [ app_begin ] --START--
INFO: Run ReadHtmlCache Behavior [ RunTime:0.000594s ]
INFO: [ app_begin ] --END-- [ RunTime:0.000671s ]
NOTIC: [2048] Declaration of IndexAction::error() should be compatible with that of Action::error() D:\phpStudy\WWW\aqzsjs\Home\Lib\Action\IndexAction.class.php 第 3 行.
INFO: [ view_template ] --START--
INFO: Run LocationTemplate Behavior [ RunTime:0.000958s ]
INFO: [ view_template ] --END-- [ RunTime:0.001051s ]
INFO: [ view_parse ] --START--
NOTIC: [8] Undefined variable: error D:\phpStudy\WWW\aqzsjs\Cache\Runtime\Home\Cache\7e4848229090366086cc7eeb3bfc0798.php 第 97 行.
INFO: Run ParseTemplate Behavior [ RunTime:0.008388s ]
INFO: [ view_parse ] --END-- [ RunTime:0.008472s ]
INFO: [ view_filter ] --START--
INFO: Run ContentReplace Behavior [ RunTime:0.000644s ]
INFO: Run TokenBuild Behavior [ RunTime:0.000631s ]
INFO: Run WriteHtmlCache Behavior [ RunTime:0.000455s ]
INFO: Run ShowRuntime Behavior [ RunTime:0.000673s ]
INFO: [ view_filter ] --END-- [ RunTime:0.002655s ]
INFO: [ view_end ] --START--
INFO: Run ShowPageTrace Behavior [ RunTime:0.000637s ]
INFO: [ view_end ] --END-- [ RunTime:0.000705s ]

[ 2013-11-01T11:57:46+08:00 ] 0.0.0.0 /aqzsjs/index.php/Index/index
INFO: [ route_check ] --START--
INFO: Run CheckRoute Behavior [ RunTime:0.000902s ]
INFO: [ route_check ] --END-- [ RunTime:0.001085s ]
INFO: [ app_begin ] --START--
INFO: Run ReadHtmlCache Behavior [ RunTime:0.000662s ]
INFO: [ app_begin ] --END-- [ RunTime:0.000752s ]
NOTIC: [2048] Declaration of IndexAction::error() should be compatible with that of Action::error() D:\phpStudy\WWW\aqzsjs\Home\Lib\Action\IndexAction.class.php 第 3 行.
INFO: [ view_template ] --START--
INFO: Run LocationTemplate Behavior [ RunTime:0.000481s ]
INFO: [ view_template ] --END-- [ RunTime:0.000572s ]
INFO: [ view_parse ] --START--
NOTIC: [8] Undefined variable: error D:\phpStudy\WWW\aqzsjs\Cache\Runtime\Home\Cache\7e4848229090366086cc7eeb3bfc0798.php 第 97 行.
INFO: Run ParseTemplate Behavior [ RunTime:0.008577s ]
INFO: [ view_parse ] --END-- [ RunTime:0.008671s ]
INFO: [ view_filter ] --START--
INFO: Run ContentReplace Behavior [ RunTime:0.000517s ]
INFO: Run TokenBuild Behavior [ RunTime:0.000578s ]
INFO: Run WriteHtmlCache Behavior [ RunTime:0.000366s ]
INFO: Run ShowRuntime Behavior [ RunTime:0.000586s ]
INFO: [ view_filter ] --END-- [ RunTime:0.002297s ]
INFO: [ view_end ] --START--
INFO: Run ShowPageTrace Behavior [ RunTime:0.000718s ]
INFO: [ view_end ] --END-- [ RunTime:0.000801s ]

[ 2013-11-01T11:58:39+08:00 ] 0.0.0.0 /aqzsjs/index.php/Index/index
INFO: [ route_check ] --START--
INFO: Run CheckRoute Behavior [ RunTime:0.000977s ]
INFO: [ route_check ] --END-- [ RunTime:0.001089s ]
INFO: [ app_begin ] --START--
INFO: Run ReadHtmlCache Behavior [ RunTime:0.000631s ]
INFO: [ app_begin ] --END-- [ RunTime:0.000720s ]
NOTIC: [2048] Declaration of IndexAction::error() should be compatible with that of Action::error() D:\phpStudy\WWW\aqzsjs\Home\Lib\Action\IndexAction.class.php 第 3 行.
INFO: [ view_template ] --START--
INFO: Run LocationTemplate Behavior [ RunTime:0.000461s ]
INFO: [ view_template ] --END-- [ RunTime:0.000549s ]
INFO: [ view_parse ] --START--
NOTIC: [8] Undefined variable: error D:\phpStudy\WWW\aqzsjs\Cache\Runtime\Home\Cache\7e4848229090366086cc7eeb3bfc0798.php 第 97 行.
INFO: Run ParseTemplate Behavior [ RunTime:0.009006s ]
INFO: [ view_parse ] --END-- [ RunTime:0.009108s ]
INFO: [ view_filter ] --START--
INFO: Run ContentReplace Behavior [ RunTime:0.000620s ]
INFO: Run TokenBuild Behavior [ RunTime:0.000541s ]
INFO: Run WriteHtmlCache Behavior [ RunTime:0.000331s ]
INFO: Run ShowRuntime Behavior [ RunTime:0.000580s ]
INFO: [ view_filter ] --END-- [ RunTime:0.002303s ]
INFO: [ view_end ] --START--
INFO: Run ShowPageTrace Behavior [ RunTime:0.000792s ]
INFO: [ view_end ] --END-- [ RunTime:0.000885s ]

[ 2013-11-01T15:30:38+08:00 ] 0.0.0.0 /aqzsjs/index.php/Index/index
INFO: [ route_check ] --START--
INFO: Run CheckRoute Behavior [ RunTime:0.001555s ]
INFO: [ route_check ] --END-- [ RunTime:0.001681s ]
INFO: [ app_begin ] --START--
INFO: Run ReadHtmlCache Behavior [ RunTime:0.001034s ]
INFO: [ app_begin ] --END-- [ RunTime:0.001125s ]
NOTIC: [2048] Declaration of IndexAction::error() should be compatible with that of Action::error() D:\phpStudy\WWW\aqzsjs\Home\Lib\Action\IndexAction.class.php 第 3 行.
INFO: [ view_template ] --START--
INFO: Run LocationTemplate Behavior [ RunTime:0.001444s ]
INFO: [ view_template ] --END-- [ RunTime:0.001539s ]
INFO: [ view_parse ] --START--
NOTIC: [8] Undefined variable: error D:\phpStudy\WWW\aqzsjs\Cache\Runtime\Home\Cache\7e4848229090366086cc7eeb3bfc0798.php 第 97 行.
INFO: Run ParseTemplate Behavior [ RunTime:0.010985s ]
INFO: [ view_parse ] --END-- [ RunTime:0.011063s ]
INFO: [ view_filter ] --START--
INFO: Run ContentReplace Behavior [ RunTime:0.000596s ]
INFO: Run TokenBuild Behavior [ RunTime:0.000577s ]
INFO: Run WriteHtmlCache Behavior [ RunTime:0.000425s ]
INFO: Run ShowRuntime Behavior [ RunTime:0.000582s ]
INFO: [ view_filter ] --END-- [ RunTime:0.002324s ]
INFO: [ view_end ] --START--
INFO: Run ShowPageTrace Behavior [ RunTime:0.000661s ]
INFO: [ view_end ] --END-- [ RunTime:0.000724s ]

[ 2013-11-01T15:32:12+08:00 ] 0.0.0.0 /aqzsjs/index.php/Index/index
INFO: [ route_check ] --START--
INFO: Run CheckRoute Behavior [ RunTime:0.001391s ]
INFO: [ route_check ] --END-- [ RunTime:0.001496s ]
INFO: [ app_begin ] --START--
INFO: Run ReadHtmlCache Behavior [ RunTime:0.001043s ]
INFO: [ app_begin ] --END-- [ RunTime:0.001125s ]
NOTIC: [2048] Declaration of IndexAction::error() should be compatible with that of Action::error() D:\phpStudy\WWW\aqzsjs\Home\Lib\Action\IndexAction.class.php 第 3 行.
INFO: [ view_template ] --START--
INFO: Run LocationTemplate Behavior [ RunTime:0.001512s ]
INFO: [ view_template ] --END-- [ RunTime:0.001608s ]
INFO: [ view_parse ] --START--
NOTIC: [8] Undefined variable: error D:\phpStudy\WWW\aqzsjs\Cache\Runtime\Home\Cache\7e4848229090366086cc7eeb3bfc0798.php 第 97 行.
INFO: Run ParseTemplate Behavior [ RunTime:0.008715s ]
INFO: [ view_parse ] --END-- [ RunTime:0.008786s ]
INFO: [ view_filter ] --START--
INFO: Run ContentReplace Behavior [ RunTime:0.000599s ]
INFO: Run TokenBuild Behavior [ RunTime:0.000643s ]
INFO: Run WriteHtmlCache Behavior [ RunTime:0.000516s ]
INFO: Run ShowRuntime Behavior [ RunTime:0.000634s ]
INFO: [ view_filter ] --END-- [ RunTime:0.002537s ]
INFO: [ view_end ] --START--
INFO: Run ShowPageTrace Behavior [ RunTime:0.000744s ]
INFO: [ view_end ] --END-- [ RunTime:0.000796s ]

[ 2013-11-01T15:32:32+08:00 ] 0.0.0.0 /aqzsjs/index.php/Index/index
INFO: [ route_check ] --START--
INFO: Run CheckRoute Behavior [ RunTime:0.001147s ]
INFO: [ route_check ] --END-- [ RunTime:0.001238s ]
INFO: [ app_begin ] --START--
INFO: Run ReadHtmlCache Behavior [ RunTime:0.000873s ]
INFO: [ app_begin ] --END-- [ RunTime:0.000944s ]
NOTIC: [2048] Declaration of IndexAction::error() should be compatible with that of Action::error() D:\phpStudy\WWW\aqzsjs\Home\Lib\Action\IndexAction.class.php 第 3 行.
SQL: SHOW COLUMNS FROM `aq_member` [ RunTime:0.014014s ]
SQL: SELECT * FROM `aq_member` WHERE ( school_ID=10121040108 ) LIMIT 1   [ RunTime:0.002575s ]

[ 2013-11-01T15:32:32+08:00 ] 0.0.0.0 /aqzsjs/index.php/Index/info
INFO: [ route_check ] --START--
INFO: Run CheckRoute Behavior [ RunTime:0.002034s ]
INFO: [ route_check ] --END-- [ RunTime:0.002187s ]
INFO: [ app_begin ] --START--
INFO: Run ReadHtmlCache Behavior [ RunTime:0.001573s ]
INFO: [ app_begin ] --END-- [ RunTime:0.001699s ]
NOTIC: [2048] Declaration of IndexAction::error() should be compatible with that of Action::error() D:\phpStudy\WWW\aqzsjs\Home\Lib\Action\IndexAction.class.php 第 3 行.
INFO: [ view_template ] --START--
INFO: Run LocationTemplate Behavior [ RunTime:0.001070s ]
INFO: [ view_template ] --END-- [ RunTime:0.001147s ]
INFO: [ view_parse ] --START--
INFO: Run ParseTemplate Behavior [ RunTime:0.012628s ]
INFO: [ view_parse ] --END-- [ RunTime:0.012713s ]
INFO: [ view_filter ] --START--
INFO: Run ContentReplace Behavior [ RunTime:0.000687s ]
INFO: Run TokenBuild Behavior [ RunTime:0.000644s ]
INFO: Run WriteHtmlCache Behavior [ RunTime:0.000574s ]
INFO: Run ShowRuntime Behavior [ RunTime:0.000722s ]
INFO: [ view_filter ] --END-- [ RunTime:0.002786s ]
INFO: [ view_end ] --START--
INFO: Run ShowPageTrace Behavior [ RunTime:0.000880s ]
INFO: [ view_end ] --END-- [ RunTime:0.000937s ]

[ 2013-11-01T15:32:52+08:00 ] 0.0.0.0 /aqzsjs/index.php/Index/info
INFO: [ route_check ] --START--
INFO: Run CheckRoute Behavior [ RunTime:0.001620s ]
INFO: [ route_check ] --END-- [ RunTime:0.001753s ]
INFO: [ app_begin ] --START--
INFO: Run ReadHtmlCache Behavior [ RunTime:0.001475s ]
INFO: [ app_begin ] --END-- [ RunTime:0.001589s ]
NOTIC: [2048] Declaration of IndexAction::error() should be compatible with that of Action::error() D:\phpStudy\WWW\aqzsjs\Home\Lib\Action\IndexAction.class.php 第 3 行.
INFO: [ view_template ] --START--
INFO: Run LocationTemplate Behavior [ RunTime:0.001641s ]
INFO: [ view_template ] --END-- [ RunTime:0.001751s ]
INFO: [ view_parse ] --START--
INFO: Run ParseTemplate Behavior [ RunTime:0.010793s ]
INFO: [ view_parse ] --END-- [ RunTime:0.010888s ]
INFO: [ view_filter ] --START--
INFO: Run ContentReplace Behavior [ RunTime:0.000685s ]
INFO: Run TokenBuild Behavior [ RunTime:0.000643s ]
INFO: Run WriteHtmlCache Behavior [ RunTime:0.000553s ]
INFO: Run ShowRuntime Behavior [ RunTime:0.000679s ]
INFO: [ view_filter ] --END-- [ RunTime:0.002714s ]
INFO: [ view_end ] --START--
INFO: Run ShowPageTrace Behavior [ RunTime:0.000734s ]
INFO: [ view_end ] --END-- [ RunTime:0.000804s ]

[ 2013-11-01T15:32:57+08:00 ] 0.0.0.0 /aqzsjs/index.php/Index/info
INFO: [ route_check ] --START--
INFO: Run CheckRoute Behavior [ RunTime:0.001600s ]
INFO: [ route_check ] --END-- [ RunTime:0.001725s ]
INFO: [ app_begin ] --START--
INFO: Run ReadHtmlCache Behavior [ RunTime:0.001166s ]
INFO: [ app_begin ] --END-- [ RunTime:0.001257s ]
NOTIC: [2048] Declaration of IndexAction::error() should be compatible with that of Action::error() D:\phpStudy\WWW\aqzsjs\Home\Lib\Action\IndexAction.class.php 第 3 行.
INFO: [ view_template ] --START--
INFO: Run LocationTemplate Behavior [ RunTime:0.001519s ]
INFO: [ view_template ] --END-- [ RunTime:0.001633s ]
INFO: [ view_parse ] --START--
INFO: Run ParseTemplate Behavior [ RunTime:0.011073s ]
INFO: [ view_parse ] --END-- [ RunTime:0.011164s ]
INFO: [ view_filter ] --START--
INFO: Run ContentReplace Behavior [ RunTime:0.000684s ]
INFO: Run TokenBuild Behavior [ RunTime:0.000650s ]
INFO: Run WriteHtmlCache Behavior [ RunTime:0.000507s ]
INFO: Run ShowRuntime Behavior [ RunTime:0.000794s ]
INFO: [ view_filter ] --END-- [ RunTime:0.002792s ]
INFO: [ view_end ] --START--
INFO: Run ShowPageTrace Behavior [ RunTime:0.000755s ]
INFO: [ view_end ] --END-- [ RunTime:0.000805s ]

[ 2013-11-01T15:33:01+08:00 ] 0.0.0.0 /aqzsjs/index.php/Index/info
INFO: [ route_check ] --START--
INFO: Run CheckRoute Behavior [ RunTime:0.003332s ]
INFO: [ route_check ] --END-- [ RunTime:0.003586s ]
INFO: [ app_begin ] --START--
INFO: Run ReadHtmlCache Behavior [ RunTime:0.002610s ]
INFO: [ app_begin ] --END-- [ RunTime:0.002838s ]
NOTIC: [2048] Declaration of IndexAction::error() should be compatible with that of Action::error() D:\phpStudy\WWW\aqzsjs\Home\Lib\Action\IndexAction.class.php 第 3 行.
INFO: [ view_template ] --START--
INFO: Run LocationTemplate Behavior [ RunTime:0.004206s ]
INFO: [ view_template ] --END-- [ RunTime:0.004448s ]
INFO: [ view_parse ] --START--
INFO: Run ParseTemplate Behavior [ RunTime:0.017218s ]
INFO: [ view_parse ] --END-- [ RunTime:0.017391s ]
INFO: [ view_filter ] --START--
INFO: Run ContentReplace Behavior [ RunTime:0.001182s ]
INFO: Run TokenBuild Behavior [ RunTime:0.001174s ]
INFO: Run WriteHtmlCache Behavior [ RunTime:0.000979s ]
INFO: Run ShowRuntime Behavior [ RunTime:0.001485s ]
INFO: [ view_filter ] --END-- [ RunTime:0.005108s ]
INFO: [ view_end ] --START--
INFO: Run ShowPageTrace Behavior [ RunTime:0.001467s ]
INFO: [ view_end ] --END-- [ RunTime:0.001562s ]

[ 2013-11-01T15:33:02+08:00 ] 0.0.0.0 /aqzsjs/index.php/Index/out
INFO: [ route_check ] --START--
INFO: Run CheckRoute Behavior [ RunTime:0.000973s ]
INFO: [ route_check ] --END-- [ RunTime:0.001051s ]
INFO: [ app_begin ] --START--
INFO: Run ReadHtmlCache Behavior [ RunTime:0.001347s ]
INFO: [ app_begin ] --END-- [ RunTime:0.001482s ]
NOTIC: [2048] Declaration of IndexAction::error() should be compatible with that of Action::error() D:\phpStudy\WWW\aqzsjs\Home\Lib\Action\IndexAction.class.php 第 3 行.

[ 2013-11-01T15:33:02+08:00 ] 0.0.0.0 /aqzsjs/index.php/Index/index
INFO: [ route_check ] --START--
INFO: Run CheckRoute Behavior [ RunTime:0.000893s ]
INFO: [ route_check ] --END-- [ RunTime:0.000965s ]
INFO: [ app_begin ] --START--
INFO: Run ReadHtmlCache Behavior [ RunTime:0.000715s ]
INFO: [ app_begin ] --END-- [ RunTime:0.000769s ]
NOTIC: [2048] Declaration of IndexAction::error() should be compatible with that of Action::error() D:\phpStudy\WWW\aqzsjs\Home\Lib\Action\IndexAction.class.php 第 3 行.
INFO: [ view_template ] --START--
INFO: Run LocationTemplate Behavior [ RunTime:0.000860s ]
INFO: [ view_template ] --END-- [ RunTime:0.000916s ]
INFO: [ view_parse ] --START--
NOTIC: [8] Undefined variable: error D:\phpStudy\WWW\aqzsjs\Cache\Runtime\Home\Cache\7e4848229090366086cc7eeb3bfc0798.php 第 97 行.
INFO: Run ParseTemplate Behavior [ RunTime:0.007296s ]
INFO: [ view_parse ] --END-- [ RunTime:0.007361s ]
INFO: [ view_filter ] --START--
INFO: Run ContentReplace Behavior [ RunTime:0.000725s ]
INFO: Run TokenBuild Behavior [ RunTime:0.000655s ]
INFO: Run WriteHtmlCache Behavior [ RunTime:0.000509s ]
INFO: Run ShowRuntime Behavior [ RunTime:0.000676s ]
INFO: [ view_filter ] --END-- [ RunTime:0.002708s ]
INFO: [ view_end ] --START--
INFO: Run ShowPageTrace Behavior [ RunTime:0.000746s ]
INFO: [ view_end ] --END-- [ RunTime:0.000797s ]

[ 2013-11-01T15:33:03+08:00 ] 0.0.0.0 /aqzsjs/index.php/Index/index
INFO: [ route_check ] --START--
INFO: Run CheckRoute Behavior [ RunTime:0.001331s ]
INFO: [ route_check ] --END-- [ RunTime:0.001435s ]
INFO: [ app_begin ] --START--
INFO: Run ReadHtmlCache Behavior [ RunTime:0.001508s ]
INFO: [ app_begin ] --END-- [ RunTime:0.001644s ]
NOTIC: [2048] Declaration of IndexAction::error() should be compatible with that of Action::error() D:\phpStudy\WWW\aqzsjs\Home\Lib\Action\IndexAction.class.php 第 3 行.
INFO: [ view_template ] --START--
INFO: Run LocationTemplate Behavior [ RunTime:0.002399s ]
INFO: [ view_template ] --END-- [ RunTime:0.002562s ]
INFO: [ view_parse ] --START--
NOTIC: [8] Undefined variable: error D:\phpStudy\WWW\aqzsjs\Cache\Runtime\Home\Cache\7e4848229090366086cc7eeb3bfc0798.php 第 97 行.
INFO: Run ParseTemplate Behavior [ RunTime:0.011065s ]
INFO: [ view_parse ] --END-- [ RunTime:0.011173s ]
INFO: [ view_filter ] --START--
INFO: Run ContentReplace Behavior [ RunTime:0.001017s ]
INFO: Run TokenBuild Behavior [ RunTime:0.000841s ]
INFO: Run WriteHtmlCache Behavior [ RunTime:0.001128s ]
INFO: Run ShowRuntime Behavior [ RunTime:0.000910s ]
INFO: [ view_filter ] --END-- [ RunTime:0.004178s ]
INFO: [ view_end ] --START--
INFO: Run ShowPageTrace Behavior [ RunTime:0.001033s ]
INFO: [ view_end ] --END-- [ RunTime:0.001105s ]

[ 2013-11-01T18:43:39+08:00 ] 0.0.0.0 /aqzsjs/index.php/Index/index
INFO: [ route_check ] --START--
INFO: Run CheckRoute Behavior [ RunTime:0.002244s ]
INFO: [ route_check ] --END-- [ RunTime:0.002428s ]
INFO: [ app_begin ] --START--
INFO: Run ReadHtmlCache Behavior [ RunTime:0.001800s ]
INFO: [ app_begin ] --END-- [ RunTime:0.001941s ]
NOTIC: [2048] Declaration of IndexAction::error() should be compatible with that of Action::error() D:\phpStudy\WWW\aqzsjs\Home\Lib\Action\IndexAction.class.php 第 3 行.
INFO: [ view_template ] --START--
INFO: Run LocationTemplate Behavior [ RunTime:0.001121s ]
INFO: [ view_template ] --END-- [ RunTime:0.001207s ]
INFO: [ view_parse ] --START--
NOTIC: [8] Undefined variable: error D:\phpStudy\WWW\aqzsjs\Cache\Runtime\Home\Cache\7e4848229090366086cc7eeb3bfc0798.php 第 97 行.
INFO: Run ParseTemplate Behavior [ RunTime:0.007390s ]
INFO: [ view_parse ] --END-- [ RunTime:0.007455s ]
INFO: [ view_filter ] --START--
INFO: Run ContentReplace Behavior [ RunTime:0.000742s ]
INFO: Run TokenBuild Behavior [ RunTime:0.000688s ]
INFO: Run WriteHtmlCache Behavior [ RunTime:0.000505s ]
INFO: Run ShowRuntime Behavior [ RunTime:0.000631s ]
INFO: [ view_filter ] --END-- [ RunTime:0.002733s ]
INFO: [ view_end ] --START--
INFO: Run ShowPageTrace Behavior [ RunTime:0.000701s ]
INFO: [ view_end ] --END-- [ RunTime:0.000760s ]

[ 2013-11-01T18:43:39+08:00 ] 0.0.0.0 /aqzsjs/index.php/Index/index
INFO: [ route_check ] --START--
INFO: Run CheckRoute Behavior [ RunTime:0.001945s ]
INFO: [ route_check ] --END-- [ RunTime:0.002083s ]
INFO: [ app_begin ] --START--
INFO: Run ReadHtmlCache Behavior [ RunTime:0.002023s ]
INFO: [ app_begin ] --END-- [ RunTime:0.002190s ]
NOTIC: [2048] Declaration of IndexAction::error() should be compatible with that of Action::error() D:\phpStudy\WWW\aqzsjs\Home\Lib\Action\IndexAction.class.php 第 3 行.
INFO: [ view_template ] --START--
INFO: Run LocationTemplate Behavior [ RunTime:0.000992s ]
INFO: [ view_template ] --END-- [ RunTime:0.001058s ]
INFO: [ view_parse ] --START--
NOTIC: [8] Undefined variable: error D:\phpStudy\WWW\aqzsjs\Cache\Runtime\Home\Cache\7e4848229090366086cc7eeb3bfc0798.php 第 97 行.
INFO: Run ParseTemplate Behavior [ RunTime:0.007401s ]
INFO: [ view_parse ] --END-- [ RunTime:0.007465s ]
INFO: [ view_filter ] --START--
INFO: Run ContentReplace Behavior [ RunTime:0.000767s ]
INFO: Run TokenBuild Behavior [ RunTime:0.000706s ]
INFO: Run WriteHtmlCache Behavior [ RunTime:0.000572s ]
INFO: Run ShowRuntime Behavior [ RunTime:0.000652s ]
INFO: [ view_filter ] --END-- [ RunTime:0.002865s ]
INFO: [ view_end ] --START--
INFO: Run ShowPageTrace Behavior [ RunTime:0.000740s ]
INFO: [ view_end ] --END-- [ RunTime:0.000794s ]

[ 2013-11-01T18:43:40+08:00 ] 0.0.0.0 /aqzsjs/index.php/Index/index
INFO: [ route_check ] --START--
INFO: Run CheckRoute Behavior [ RunTime:0.001254s ]
INFO: [ route_check ] --END-- [ RunTime:0.001360s ]
INFO: [ app_begin ] --START--
INFO: Run ReadHtmlCache Behavior [ RunTime:0.000950s ]
INFO: [ app_begin ] --END-- [ RunTime:0.001031s ]
NOTIC: [2048] Declaration of IndexAction::error() should be compatible with that of Action::error() D:\phpStudy\WWW\aqzsjs\Home\Lib\Action\IndexAction.class.php 第 3 行.
INFO: [ view_template ] --START--
INFO: Run LocationTemplate Behavior [ RunTime:0.001165s ]
INFO: [ view_template ] --END-- [ RunTime:0.001254s ]
INFO: [ view_parse ] --START--
NOTIC: [8] Undefined variable: error D:\phpStudy\WWW\aqzsjs\Cache\Runtime\Home\Cache\7e4848229090366086cc7eeb3bfc0798.php 第 97 行.
INFO: Run ParseTemplate Behavior [ RunTime:0.010358s ]
INFO: [ view_parse ] --END-- [ RunTime:0.010431s ]
INFO: [ view_filter ] --START--
INFO: Run ContentReplace Behavior [ RunTime:0.000598s ]
INFO: Run TokenBuild Behavior [ RunTime:0.000561s ]
INFO: Run WriteHtmlCache Behavior [ RunTime:0.000568s ]
INFO: Run ShowRuntime Behavior [ RunTime:0.000659s ]
INFO: [ view_filter ] --END-- [ RunTime:0.002553s ]
INFO: [ view_end ] --START--
INFO: Run ShowPageTrace Behavior [ RunTime:0.000676s ]
INFO: [ view_end ] --END-- [ RunTime:0.000729s ]

[ 2013-11-01T18:43:40+08:00 ] 0.0.0.0 /aqzsjs/index.php/Index/index
INFO: [ route_check ] --START--
INFO: Run CheckRoute Behavior [ RunTime:0.001562s ]
INFO: [ route_check ] --END-- [ RunTime:0.001694s ]
INFO: [ app_begin ] --START--
INFO: Run ReadHtmlCache Behavior [ RunTime:0.001225s ]
INFO: [ app_begin ] --END-- [ RunTime:0.001346s ]
NOTIC: [2048] Declaration of IndexAction::error() should be compatible with that of Action::error() D:\phpStudy\WWW\aqzsjs\Home\Lib\Action\IndexAction.class.php 第 3 行.
INFO: [ view_template ] --START--
INFO: Run LocationTemplate Behavior [ RunTime:0.001788s ]
INFO: [ view_template ] --END-- [ RunTime:0.001901s ]
INFO: [ view_parse ] --START--
NOTIC: [8] Undefined variable: error D:\phpStudy\WWW\aqzsjs\Cache\Runtime\Home\Cache\7e4848229090366086cc7eeb3bfc0798.php 第 97 行.
INFO: Run ParseTemplate Behavior [ RunTime:0.009506s ]
INFO: [ view_parse ] --END-- [ RunTime:0.009585s ]
INFO: [ view_filter ] --START--
INFO: Run ContentReplace Behavior [ RunTime:0.000621s ]
INFO: Run TokenBuild Behavior [ RunTime:0.000583s ]
INFO: Run WriteHtmlCache Behavior [ RunTime:0.000600s ]
INFO: Run ShowRuntime Behavior [ RunTime:0.000726s ]
INFO: [ view_filter ] --END-- [ RunTime:0.002687s ]
INFO: [ view_end ] --START--
INFO: Run ShowPageTrace Behavior [ RunTime:0.000806s ]
INFO: [ view_end ] --END-- [ RunTime:0.000878s ]

[ 2013-11-01T18:43:41+08:00 ] 0.0.0.0 /aqzsjs/index.php/Index/index
INFO: [ route_check ] --START--
INFO: Run CheckRoute Behavior [ RunTime:0.000864s ]
INFO: [ route_check ] --END-- [ RunTime:0.000938s ]
INFO: [ app_begin ] --START--
INFO: Run ReadHtmlCache Behavior [ RunTime:0.000700s ]
INFO: [ app_begin ] --END-- [ RunTime:0.000762s ]
NOTIC: [2048] Declaration of IndexAction::error() should be compatible with that of Action::error() D:\phpStudy\WWW\aqzsjs\Home\Lib\Action\IndexAction.class.php 第 3 行.
INFO: [ view_template ] --START--
INFO: Run LocationTemplate Behavior [ RunTime:0.000813s ]
INFO: [ view_template ] --END-- [ RunTime:0.000873s ]
INFO: [ view_parse ] --START--
NOTIC: [8] Undefined variable: error D:\phpStudy\WWW\aqzsjs\Cache\Runtime\Home\Cache\7e4848229090366086cc7eeb3bfc0798.php 第 97 行.
INFO: Run ParseTemplate Behavior [ RunTime:0.007128s ]
INFO: [ view_parse ] --END-- [ RunTime:0.007190s ]
INFO: [ view_filter ] --START--
INFO: Run ContentReplace Behavior [ RunTime:0.000571s ]
INFO: Run TokenBuild Behavior [ RunTime:0.000597s ]
INFO: Run WriteHtmlCache Behavior [ RunTime:0.000449s ]
INFO: Run ShowRuntime Behavior [ RunTime:0.000601s ]
INFO: [ view_filter ] --END-- [ RunTime:0.002370s ]
INFO: [ view_end ] --START--
INFO: Run ShowPageTrace Behavior [ RunTime:0.000766s ]
INFO: [ view_end ] --END-- [ RunTime:0.000833s ]

[ 2013-11-01T18:43:41+08:00 ] 0.0.0.0 /aqzsjs/index.php/Index/index
INFO: [ route_check ] --START--
INFO: Run CheckRoute Behavior [ RunTime:0.001380s ]
INFO: [ route_check ] --END-- [ RunTime:0.001498s ]
INFO: [ app_begin ] --START--
INFO: Run ReadHtmlCache Behavior [ RunTime:0.001162s ]
INFO: [ app_begin ] --END-- [ RunTime:0.001258s ]
NOTIC: [2048] Declaration of IndexAction::error() should be compatible with that of Action::error() D:\phpStudy\WWW\aqzsjs\Home\Lib\Action\IndexAction.class.php 第 3 行.
INFO: [ view_template ] --START--
INFO: Run LocationTemplate Behavior [ RunTime:0.001563s ]
INFO: [ view_template ] --END-- [ RunTime:0.001683s ]
INFO: [ view_parse ] --START--
NOTIC: [8] Undefined variable: error D:\phpStudy\WWW\aqzsjs\Cache\Runtime\Home\Cache\7e4848229090366086cc7eeb3bfc0798.php 第 97 行.
INFO: Run ParseTemplate Behavior [ RunTime:0.010911s ]
INFO: [ view_parse ] --END-- [ RunTime:0.010989s ]
INFO: [ view_filter ] --START--
INFO: Run ContentReplace Behavior [ RunTime:0.000719s ]
INFO: Run TokenBuild Behavior [ RunTime:0.000750s ]
INFO: Run WriteHtmlCache Behavior [ RunTime:0.000593s ]
INFO: Run ShowRuntime Behavior [ RunTime:0.000610s ]
INFO: [ view_filter ] --END-- [ RunTime:0.002850s ]
INFO: [ view_end ] --START--
INFO: Run ShowPageTrace Behavior [ RunTime:0.000770s ]
INFO: [ view_end ] --END-- [ RunTime:0.000824s ]

[ 2013-11-01T18:43:41+08:00 ] 0.0.0.0 /aqzsjs/index.php/Index/index
INFO: [ route_check ] --START--
INFO: Run CheckRoute Behavior [ RunTime:0.001182s ]
INFO: [ route_check ] --END-- [ RunTime:0.001290s ]
INFO: [ app_begin ] --START--
INFO: Run ReadHtmlCache Behavior [ RunTime:0.000674s ]
INFO: [ app_begin ] --END-- [ RunTime:0.000731s ]
NOTIC: [2048] Declaration of IndexAction::error() should be compatible with that of Action::error() D:\phpStudy\WWW\aqzsjs\Home\Lib\Action\IndexAction.class.php 第 3 行.
INFO: [ view_template ] --START--
INFO: Run LocationTemplate Behavior [ RunTime:0.000831s ]
INFO: [ view_template ] --END-- [ RunTime:0.000890s ]
INFO: [ view_parse ] --START--
NOTIC: [8] Undefined variable: error D:\phpStudy\WWW\aqzsjs\Cache\Runtime\Home\Cache\7e4848229090366086cc7eeb3bfc0798.php 第 97 行.
INFO: Run ParseTemplate Behavior [ RunTime:0.007281s ]
INFO: [ view_parse ] --END-- [ RunTime:0.007341s ]
INFO: [ view_filter ] --START--
INFO: Run ContentReplace Behavior [ RunTime:0.000556s ]
INFO: Run TokenBuild Behavior [ RunTime:0.000615s ]
INFO: Run WriteHtmlCache Behavior [ RunTime:0.000504s ]
INFO: Run ShowRuntime Behavior [ RunTime:0.000639s ]
INFO: [ view_filter ] --END-- [ RunTime:0.002474s ]
INFO: [ view_end ] --START--
INFO: Run ShowPageTrace Behavior [ RunTime:0.000816s ]
INFO: [ view_end ] --END-- [ RunTime:0.000878s ]

[ 2013-11-01T18:43:48+08:00 ] 0.0.0.0 /aqzsjs/index.php/Index/index
INFO: [ route_check ] --START--
INFO: Run CheckRoute Behavior [ RunTime:0.001046s ]
INFO: [ route_check ] --END-- [ RunTime:0.001132s ]
INFO: [ app_begin ] --START--
INFO: Run ReadHtmlCache Behavior [ RunTime:0.000815s ]
INFO: [ app_begin ] --END-- [ RunTime:0.000890s ]
NOTIC: [2048] Declaration of IndexAction::error() should be compatible with that of Action::error() D:\phpStudy\WWW\aqzsjs\Home\Lib\Action\IndexAction.class.php 第 3 行.
SQL: SHOW COLUMNS FROM `aq_member` [ RunTime:0.003416s ]
SQL: SELECT * FROM `aq_member` WHERE ( school_ID=10121040108 ) LIMIT 1   [ RunTime:0.000400s ]

[ 2013-11-01T18:43:48+08:00 ] 0.0.0.0 /aqzsjs/index.php/Index/info
INFO: [ route_check ] --START--
INFO: Run CheckRoute Behavior [ RunTime:0.000924s ]
INFO: [ route_check ] --END-- [ RunTime:0.000995s ]
INFO: [ app_begin ] --START--
INFO: Run ReadHtmlCache Behavior [ RunTime:0.000697s ]
INFO: [ app_begin ] --END-- [ RunTime:0.000754s ]
NOTIC: [2048] Declaration of IndexAction::error() should be compatible with that of Action::error() D:\phpStudy\WWW\aqzsjs\Home\Lib\Action\IndexAction.class.php 第 3 行.
INFO: [ view_template ] --START--
INFO: Run LocationTemplate Behavior [ RunTime:0.000903s ]
INFO: [ view_template ] --END-- [ RunTime:0.000962s ]
INFO: [ view_parse ] --START--
INFO: Run ParseTemplate Behavior [ RunTime:0.007797s ]
INFO: [ view_parse ] --END-- [ RunTime:0.007871s ]
INFO: [ view_filter ] --START--
INFO: Run ContentReplace Behavior [ RunTime:0.000630s ]
INFO: Run TokenBuild Behavior [ RunTime:0.000567s ]
INFO: Run WriteHtmlCache Behavior [ RunTime:0.000600s ]
INFO: Run ShowRuntime Behavior [ RunTime:0.000686s ]
INFO: [ view_filter ] --END-- [ RunTime:0.002633s ]
INFO: [ view_end ] --START--
INFO: Run ShowPageTrace Behavior [ RunTime:0.000700s ]
INFO: [ view_end ] --END-- [ RunTime:0.000760s ]

[ 2013-11-01T18:43:55+08:00 ] 0.0.0.0 /aqzsjs/index.php/Index/out
INFO: [ route_check ] --START--
INFO: Run CheckRoute Behavior [ RunTime:0.001044s ]
INFO: [ route_check ] --END-- [ RunTime:0.001130s ]
INFO: [ app_begin ] --START--
INFO: Run ReadHtmlCache Behavior [ RunTime:0.000939s ]
INFO: [ app_begin ] --END-- [ RunTime:0.001018s ]
NOTIC: [2048] Declaration of IndexAction::error() should be compatible with that of Action::error() D:\phpStudy\WWW\aqzsjs\Home\Lib\Action\IndexAction.class.php 第 3 行.

[ 2013-11-01T18:43:55+08:00 ] 0.0.0.0 /aqzsjs/index.php/Index/index
INFO: [ route_check ] --START--
INFO: Run CheckRoute Behavior [ RunTime:0.000848s ]
INFO: [ route_check ] --END-- [ RunTime:0.000921s ]
INFO: [ app_begin ] --START--
INFO: Run ReadHtmlCache Behavior [ RunTime:0.000682s ]
INFO: [ app_begin ] --END-- [ RunTime:0.000736s ]
NOTIC: [2048] Declaration of IndexAction::error() should be compatible with that of Action::error() D:\phpStudy\WWW\aqzsjs\Home\Lib\Action\IndexAction.class.php 第 3 行.
INFO: [ view_template ] --START--
INFO: Run LocationTemplate Behavior [ RunTime:0.000891s ]
INFO: [ view_template ] --END-- [ RunTime:0.000949s ]
INFO: [ view_parse ] --START--
NOTIC: [8] Undefined variable: error D:\phpStudy\WWW\aqzsjs\Cache\Runtime\Home\Cache\7e4848229090366086cc7eeb3bfc0798.php 第 97 行.
INFO: Run ParseTemplate Behavior [ RunTime:0.007029s ]
INFO: [ view_parse ] --END-- [ RunTime:0.007093s ]
INFO: [ view_filter ] --START--
INFO: Run ContentReplace Behavior [ RunTime:0.000681s ]
INFO: Run TokenBuild Behavior [ RunTime:0.000666s ]
INFO: Run WriteHtmlCache Behavior [ RunTime:0.000481s ]
INFO: Run ShowRuntime Behavior [ RunTime:0.000787s ]
INFO: [ view_filter ] --END-- [ RunTime:0.002771s ]
INFO: [ view_end ] --START--
INFO: Run ShowPageTrace Behavior [ RunTime:0.000727s ]
INFO: [ view_end ] --END-- [ RunTime:0.000779s ]

[ 2013-11-01T18:44:12+08:00 ] 0.0.0.0 /aqzsjs/index.php/Index/index
INFO: [ route_check ] --START--
INFO: Run CheckRoute Behavior [ RunTime:0.001099s ]
INFO: [ route_check ] --END-- [ RunTime:0.001186s ]
INFO: [ app_begin ] --START--
INFO: Run ReadHtmlCache Behavior [ RunTime:0.000826s ]
INFO: [ app_begin ] --END-- [ RunTime:0.000919s ]
NOTIC: [2048] Declaration of IndexAction::error() should be compatible with that of Action::error() D:\phpStudy\WWW\aqzsjs\Home\Lib\Action\IndexAction.class.php 第 3 行.
SQL: SHOW COLUMNS FROM `aq_member` [ RunTime:0.002665s ]
SQL: SELECT * FROM `aq_member` WHERE ( school_ID=10121040108 ) LIMIT 1   [ RunTime:0.000295s ]

[ 2013-11-01T18:44:13+08:00 ] 0.0.0.0 /aqzsjs/index.php/Index/info
INFO: [ route_check ] --START--
INFO: Run CheckRoute Behavior [ RunTime:0.000980s ]
INFO: [ route_check ] --END-- [ RunTime:0.001056s ]
INFO: [ app_begin ] --START--
INFO: Run ReadHtmlCache Behavior [ RunTime:0.000689s ]
INFO: [ app_begin ] --END-- [ RunTime:0.000746s ]
NOTIC: [2048] Declaration of IndexAction::error() should be compatible with that of Action::error() D:\phpStudy\WWW\aqzsjs\Home\Lib\Action\IndexAction.class.php 第 3 行.
INFO: [ view_template ] --START--
INFO: Run LocationTemplate Behavior [ RunTime:0.000888s ]
INFO: [ view_template ] --END-- [ RunTime:0.000944s ]
INFO: [ view_parse ] --START--
INFO: Run ParseTemplate Behavior [ RunTime:0.007863s ]
INFO: [ view_parse ] --END-- [ RunTime:0.007937s ]
INFO: [ view_filter ] --START--
INFO: Run ContentReplace Behavior [ RunTime:0.000607s ]
INFO: Run TokenBuild Behavior [ RunTime:0.000560s ]
INFO: Run WriteHtmlCache Behavior [ RunTime:0.000502s ]
INFO: Run ShowRuntime Behavior [ RunTime:0.000597s ]
INFO: [ view_filter ] --END-- [ RunTime:0.002413s ]
INFO: [ view_end ] --START--
INFO: Run ShowPageTrace Behavior [ RunTime:0.000701s ]
INFO: [ view_end ] --END-- [ RunTime:0.000752s ]

[ 2013-11-01T18:44:21+08:00 ] 0.0.0.0 /aqzsjs/index.php/Index/info
INFO: [ route_check ] --START--
INFO: Run CheckRoute Behavior [ RunTime:0.001586s ]
INFO: [ route_check ] --END-- [ RunTime:0.001711s ]
INFO: [ app_begin ] --START--
INFO: Run ReadHtmlCache Behavior [ RunTime:0.001243s ]
INFO: [ app_begin ] --END-- [ RunTime:0.001346s ]
NOTIC: [2048] Declaration of IndexAction::error() should be compatible with that of Action::error() D:\phpStudy\WWW\aqzsjs\Home\Lib\Action\IndexAction.class.php 第 3 行.
INFO: [ view_template ] --START--
INFO: Run LocationTemplate Behavior [ RunTime:0.001682s ]
INFO: [ view_template ] --END-- [ RunTime:0.001793s ]
INFO: [ view_parse ] --START--
INFO: Run ParseTemplate Behavior [ RunTime:0.010140s ]
INFO: [ view_parse ] --END-- [ RunTime:0.010255s ]
INFO: [ view_filter ] --START--
INFO: Run ContentReplace Behavior [ RunTime:0.000757s ]
INFO: Run TokenBuild Behavior [ RunTime:0.000569s ]
INFO: Run WriteHtmlCache Behavior [ RunTime:0.000608s ]
INFO: Run ShowRuntime Behavior [ RunTime:0.000665s ]
INFO: [ view_filter ] --END-- [ RunTime:0.002795s ]
INFO: [ view_end ] --START--
INFO: Run ShowPageTrace Behavior [ RunTime:0.000728s ]
INFO: [ view_end ] --END-- [ RunTime:0.000778s ]

[ 2013-11-01T23:24:43+08:00 ] 0.0.0.0 /aqzsjs/index.php/Index/index
INFO: [ route_check ] --START--
INFO: Run CheckRoute Behavior [ RunTime:0.001097s ]
INFO: [ route_check ] --END-- [ RunTime:0.001185s ]
INFO: [ app_begin ] --START--
INFO: Run ReadHtmlCache Behavior [ RunTime:0.000693s ]
INFO: [ app_begin ] --END-- [ RunTime:0.000760s ]
NOTIC: [2048] Declaration of IndexAction::error() should be compatible with that of Action::error() D:\phpStudy\WWW\aqzsjs\Home\Lib\Action\IndexAction.class.php 第 3 行.
INFO: [ view_template ] --START--
INFO: Run LocationTemplate Behavior [ RunTime:0.000898s ]
INFO: [ view_template ] --END-- [ RunTime:0.000959s ]
INFO: [ view_parse ] --START--
NOTIC: [8] Undefined variable: error D:\phpStudy\WWW\aqzsjs\Cache\Runtime\Home\Cache\7e4848229090366086cc7eeb3bfc0798.php 第 97 行.
INFO: Run ParseTemplate Behavior [ RunTime:0.007299s ]
INFO: [ view_parse ] --END-- [ RunTime:0.007359s ]
INFO: [ view_filter ] --START--
INFO: Run ContentReplace Behavior [ RunTime:0.000599s ]
INFO: Run TokenBuild Behavior [ RunTime:0.000749s ]
INFO: Run WriteHtmlCache Behavior [ RunTime:0.000541s ]
INFO: Run ShowRuntime Behavior [ RunTime:0.000642s ]
INFO: [ view_filter ] --END-- [ RunTime:0.002701s ]
INFO: [ view_end ] --START--
INFO: Run ShowPageTrace Behavior [ RunTime:0.000738s ]
INFO: [ view_end ] --END-- [ RunTime:0.000794s ]

